<?xml version="1.0" encoding="UTF-8"?>
<!-- Generated by org.testng.reporters.JUnitReportReporter -->
<testsuite hostname="BRKAJLO" name="Test.TestSlider" tests="1" failures="0" timestamp="9 Nov 2015 14:42:18 GMT" time="11.983" errors="0">
  <testcase name="test_slide" time="11.983" classname="Test.TestSlider"/>
</testsuite> <!-- Test.TestSlider -->
