<?xml version="1.0" encoding="UTF-8"?>
<!-- Generated by org.testng.reporters.JUnitReportReporter -->
<testsuite hostname="BRKAJLO" name="Test.TestDraggable" tests="1" failures="0" timestamp="12 Nov 2015 09:40:30 GMT" time="7.314" errors="0">
  <testcase name="test_drag_01" time="7.314" classname="Test.TestDraggable"/>
</testsuite> <!-- Test.TestDraggable -->
